<?xml version="1.0" encoding="UTF-8"?>
<!-- Generated by org.testng.reporters.JUnitXMLReporter -->
<testsuite hostname="ARPGL006737" tests="30" failures="9" timestamp="13 Feb 2023 03:08:47 GMT" time="0.052" errors="0">
  <testcase name="testWelcomeMessagePage_001" time="0.004" classname="WelcomeMessageTest"/>
  <testcase name="testWelcomeMessagePage_002" time="0.002" classname="WelcomeMessageTest">
    <failure type="java.lang.AssertionError" message="expected [false] but found [true]">
      <![CDATA[java.lang.AssertionError: expected [false] but found [true]
	at WelcomeMessageTest.testWelcomeMessagePage_002(WelcomeMessageTest.java:43)
... Removed 32 stack frames]]>
    </failure>
  </testcase> <!-- testWelcomeMessagePage_002 -->
  <testcase name="testWelcomeMessagePage_003" time="0.001" classname="WelcomeMessageTest"/>
  <testcase name="testWelcomeMessagePage_004" time="0.001" classname="WelcomeMessageTest">
    <failure type="java.lang.AssertionError" message="expected [false] but found [true]">
      <![CDATA[java.lang.AssertionError: expected [false] but found [true]
	at WelcomeMessageTest.testWelcomeMessagePage_004(WelcomeMessageTest.java:66)
... Removed 32 stack frames]]>
    </failure>
  </testcase> <!-- testWelcomeMessagePage_004 -->
  <testcase name="testWelcomeMessagePage_005" time="0.001" classname="WelcomeMessageTest"/>
  <testcase name="testWelcomeMessagePage_006" time="0.001" classname="WelcomeMessageTest">
    <failure type="java.lang.AssertionError" message="expected [false] but found [true]">
      <![CDATA[java.lang.AssertionError: expected [false] but found [true]
	at WelcomeMessageTest.testWelcomeMessagePage_006(WelcomeMessageTest.java:89)
... Removed 32 stack frames]]>
    </failure>
  </testcase> <!-- testWelcomeMessagePage_006 -->
  <testcase name="testWelcomeMessagePage_007" time="0.001" classname="WelcomeMessageTest"/>
  <testcase name="testWelcomeMessagePage_008" time="0.001" classname="WelcomeMessageTest">
    <failure type="java.lang.AssertionError" message="expected [false] but found [true]">
      <![CDATA[java.lang.AssertionError: expected [false] but found [true]
	at WelcomeMessageTest.testWelcomeMessagePage_008(WelcomeMessageTest.java:112)
... Removed 32 stack frames]]>
    </failure>
  </testcase> <!-- testWelcomeMessagePage_008 -->
  <testcase name="testWelcomeMessagePage_009" time="0.01" classname="WelcomeMessageTest"/>
  <testcase name="testWelcomeMessagePage_010" time="0.0" classname="WelcomeMessageTest">
    <failure type="java.lang.AssertionError" message="expected [false] but found [true]">
      <![CDATA[java.lang.AssertionError: expected [false] but found [true]
	at WelcomeMessageTest.testWelcomeMessagePage_010(WelcomeMessageTest.java:135)
... Removed 32 stack frames]]>
    </failure>
  </testcase> <!-- testWelcomeMessagePage_010 -->
  <testcase name="testWelcomeMessagePage_011" time="0.001" classname="WelcomeMessageTest"/>
  <testcase name="testWelcomeMessagePage_012" time="0.001" classname="WelcomeMessageTest">
    <failure type="java.lang.AssertionError" message="expected [false] but found [true]">
      <![CDATA[java.lang.AssertionError: expected [false] but found [true]
	at WelcomeMessageTest.testWelcomeMessagePage_012(WelcomeMessageTest.java:158)
... Removed 32 stack frames]]>
    </failure>
  </testcase> <!-- testWelcomeMessagePage_012 -->
  <testcase name="testWelcomeMessagePage_013" time="0.0" classname="WelcomeMessageTest">
    <failure type="java.lang.AssertionError" message="expected [false] but found [true]">
      <![CDATA[java.lang.AssertionError: expected [false] but found [true]
	at WelcomeMessageTest.testWelcomeMessagePage_013(WelcomeMessageTest.java:170)
... Removed 32 stack frames]]>
    </failure>
  </testcase> <!-- testWelcomeMessagePage_013 -->
  <testcase name="testWelcomeMessagePage_014" time="0.001" classname="WelcomeMessageTest"/>
  <testcase name="testWelcomeMessagePage_015" time="0.001" classname="WelcomeMessageTest"/>
  <testcase name="testWelcomeMessagePage_016" time="0.001" classname="WelcomeMessageTest"/>
  <testcase name="testWelcomeMessagePage_017" time="0.001" classname="WelcomeMessageTest">
    <failure type="java.lang.AssertionError" message="expected [false] but found [true]">
      <![CDATA[java.lang.AssertionError: expected [false] but found [true]
	at WelcomeMessageTest.testWelcomeMessagePage_017(WelcomeMessageTest.java:215)
... Removed 32 stack frames]]>
    </failure>
  </testcase> <!-- testWelcomeMessagePage_017 -->
  <testcase name="testWelcomeMessagePage_018" time="0.001" classname="WelcomeMessageTest"/>
  <testcase name="testWelcomeMessagePage_019" time="0.001" classname="WelcomeMessageTest"/>
  <testcase name="testWelcomeMessagePage_020" time="0.0" classname="WelcomeMessageTest">
    <failure type="java.lang.AssertionError" message="expected [false] but found [true]">
      <![CDATA[java.lang.AssertionError: expected [false] but found [true]
	at WelcomeMessageTest.testWelcomeMessagePage_020(WelcomeMessageTest.java:249)
... Removed 32 stack frames]]>
    </failure>
  </testcase> <!-- testWelcomeMessagePage_020 -->
  <testcase name="testWelcomeMessagePage_021" time="0.0" classname="WelcomeMessageTest"/>
  <testcase name="testWelcomeMessagePage_022" time="0.0" classname="WelcomeMessageTest"/>
  <testcase name="testWelcomeMessagePage_023" time="0.001" classname="WelcomeMessageTest"/>
  <testcase name="testWelcomeMessagePage_024" time="0.001" classname="WelcomeMessageTest"/>
  <testcase name="testWelcomeMessagePage_025" time="0.001" classname="WelcomeMessageTest"/>
  <testcase name="testWelcomeMessagePage_026" time="0.0" classname="WelcomeMessageTest"/>
  <testcase name="testWelcomeMessagePage_027" time="0.001" classname="WelcomeMessageTest"/>
  <testcase name="testWelcomeMessagePage_028" time="0.001" classname="WelcomeMessageTest"/>
  <testcase name="testWelcomeMessagePage_029" time="0.001" classname="WelcomeMessageTest"/>
  <testcase name="testWelcomeMessagePage_030" time="0.001" classname="WelcomeMessageTest"/>
</testsuite>
