<?xml version="1.0" encoding="UTF-8"?>
<testsuite xmlns:xsi="http://www.w3.org/2001/XMLSchema-instance" xsi:schemaLocation="https://maven.apache.org/surefire/maven-surefire-plugin/xsd/surefire-test-report.xsd" name="TestSuite" time="16.574" tests="58" errors="0" skipped="13" failures="13">
  <properties>
    <property name="java.runtime.name" value="Java(TM) SE Runtime Environment"/>
    <property name="sun.boot.library.path" value="C:\Program Files\Java\jdk1.8.0_92\jre\bin"/>
    <property name="java.vm.version" value="25.92-b14"/>
    <property name="java.vm.vendor" value="Oracle Corporation"/>
    <property name="maven.multiModuleProjectDirectory" value="C:\Users\vinod_kammara\Desktop\POC-AWS\Jmeter-AWS-Pipe\SystemTest-Project"/>
    <property name="java.vendor.url" value="http://java.oracle.com/"/>
    <property name="path.separator" value=";"/>
    <property name="guice.disable.misplaced.annotation.check" value="true"/>
    <property name="java.vm.name" value="Java HotSpot(TM) 64-Bit Server VM"/>
    <property name="file.encoding.pkg" value="sun.io"/>
    <property name="user.script" value=""/>
    <property name="user.country" value="US"/>
    <property name="sun.java.launcher" value="SUN_STANDARD"/>
    <property name="sun.os.patch.level" value=""/>
    <property name="java.vm.specification.name" value="Java Virtual Machine Specification"/>
    <property name="user.dir" value="C:\Users\vinod_kammara\Desktop\POC-AWS\Jmeter-AWS-Pipe\SystemTest-Project\target\c30aa7c8-9cd6-49c1-b657-c8b7595edef9\jmeter\bin"/>
    <property name="java.runtime.version" value="1.8.0_92-b14"/>
    <property name="java.awt.graphicsenv" value="sun.awt.Win32GraphicsEnvironment"/>
    <property name="java.endorsed.dirs" value="C:\Program Files\Java\jdk1.8.0_92\jre\lib\endorsed"/>
    <property name="os.arch" value="amd64"/>
    <property name="java.io.tmpdir" value="C:\Users\VINOD_~1\AppData\Local\Temp\"/>
    <property name="line.separator" value="&#10;"/>
    <property name="java.vm.specification.vendor" value="Oracle Corporation"/>
    <property name="user.variant" value=""/>
    <property name="os.name" value="Windows 10"/>
    <property name="classworlds.conf" value="D:\MAVEN\apache-maven-3.8.6\bin\m2.conf"/>
    <property name="sun.jnu.encoding" value="Cp1252"/>
    <property name="java.library.path" value="C:\Program Files\Java\jdk1.8.0_92\bin;C:\WINDOWS\Sun\Java\bin;C:\WINDOWS\system32;C:\WINDOWS;C:\Program Files (x86)\Microsoft SDKs\Azure\CLI2\wbin;C:\Program Files\Python38\Scripts\;C:\Program Files\Python38\;C:\WINDOWS\system32;C:\WINDOWS;C:\WINDOWS\System32\Wbem;C:\WINDOWS\System32\WindowsPowerShell\v1.0\;C:\WINDOWS\System32\OpenSSH\;C:\Program Files\Git\cmd;C:\Program Files\Amazon\AWSCLIV2\;C:\Program Files\PuTTY\;C:\Program Files\nodejs\;C:\Users\vinod_kammara\AppData\Local\Microsoft\WindowsApps;D:\terraform;C:\Program Files\Java\jdk1.8.0_92\bin;C:\Program Files\Python38;C:\Users\vinod_kammara\AppData\Local\Programs\Microsoft VS Code\bin;D:\kubectl;D:\Azure-CLI;D:\MAVEN\apache-maven-3.8.6\bin;C:\Users\vinod_kammara\Bin;;."/>
    <property name="maven.conf" value="D:\MAVEN\apache-maven-3.8.6/conf"/>
    <property name="java.specification.name" value="Java Platform API Specification"/>
    <property name="java.class.version" value="52.0"/>
    <property name="sun.management.compiler" value="HotSpot 64-Bit Tiered Compilers"/>
    <property name="os.version" value="10.0"/>
    <property name="library.jansi.path" value="D:\MAVEN\apache-maven-3.8.6\lib\jansi-native"/>
    <property name="user.home" value="C:\Users\vinod_kammara"/>
    <property name="user.timezone" value="Asia/Calcutta"/>
    <property name="java.awt.printerjob" value="sun.awt.windows.WPrinterJob"/>
    <property name="java.specification.version" value="1.8"/>
    <property name="file.encoding" value="Cp1252"/>
    <property name="user.name" value="vinod_kammara"/>
    <property name="java.class.path" value="D:\MAVEN\apache-maven-3.8.6\boot\plexus-classworlds-2.6.0.jar"/>
    <property name="java.vm.specification.version" value="1.8"/>
    <property name="sun.arch.data.model" value="64"/>
    <property name="java.home" value="C:\Program Files\Java\jdk1.8.0_92\jre"/>
    <property name="sun.java.command" value="org.codehaus.plexus.classworlds.launcher.Launcher clean test verify"/>
    <property name="java.specification.vendor" value="Oracle Corporation"/>
    <property name="user.language" value="en"/>
    <property name="awt.toolkit" value="sun.awt.windows.WToolkit"/>
    <property name="java.vm.info" value="mixed mode"/>
    <property name="jmeterengine.stopfail.system.exit" value="false"/>
    <property name="java.version" value="1.8.0_92"/>
    <property name="java.ext.dirs" value="C:\Program Files\Java\jdk1.8.0_92\jre\lib\ext;C:\WINDOWS\Sun\Java\lib\ext"/>
    <property name="sun.boot.class.path" value="C:\Program Files\Java\jdk1.8.0_92\jre\lib\resources.jar;C:\Program Files\Java\jdk1.8.0_92\jre\lib\rt.jar;C:\Program Files\Java\jdk1.8.0_92\jre\lib\sunrsasign.jar;C:\Program Files\Java\jdk1.8.0_92\jre\lib\jsse.jar;C:\Program Files\Java\jdk1.8.0_92\jre\lib\jce.jar;C:\Program Files\Java\jdk1.8.0_92\jre\lib\charsets.jar;C:\Program Files\Java\jdk1.8.0_92\jre\lib\jfr.jar;C:\Program Files\Java\jdk1.8.0_92\jre\classes"/>
    <property name="sun.stderr.encoding" value="cp437"/>
    <property name="java.vendor" value="Oracle Corporation"/>
    <property name="maven.home" value="D:\MAVEN\apache-maven-3.8.6"/>
    <property name="file.separator" value="\"/>
    <property name="jmeterengine.remote.system.exit" value="false"/>
    <property name="java.vendor.url.bug" value="http://bugreport.sun.com/bugreport/"/>
    <property name="sun.cpu.endian" value="little"/>
    <property name="sun.io.unicode.encoding" value="UnicodeLittle"/>
    <property name="sun.stdout.encoding" value="cp437"/>
    <property name="sun.desktop" value="windows"/>
    <property name="sun.cpu.isalist" value="amd64"/>
  </properties>
  <testcase name="testAdd" classname="FactoryImplTestAdd" time="0.011"/>
  <testcase name="testAdd" classname="FactoryImplTestAdd" time="0.035">
    <failure message="expected [5] but found [4]" type="java.lang.AssertionError">java.lang.AssertionError: expected [5] but found [4]
	at FactoryImplTestAdd.testAdd(FactoryImplTestAdd.java:30)
</failure>
  </testcase>
  <testcase name="testAdd" classname="FactoryImplTestAdd" time="0"/>
  <testcase name="testSubtract" classname="FactoryImplTestSubtract" time="0.002">
    <failure message="expected [2] but found [3]" type="java.lang.AssertionError">java.lang.AssertionError: expected [2] but found [3]
	at FactoryImplTestSubtract.testSubtract(FactoryImplTestSubtract.java:31)
</failure>
  </testcase>
  <testcase name="testSubtract" classname="FactoryImplTestSubtract" time="0.001"/>
  <testcase name="testDataProviderMethod" classname="DataProviderTest" time="0.005"/>
  <testcase name="testDataProviderMethod" classname="DataProviderTest" time="0.005"/>
  <testcase name="testDataProviderMethod" classname="DataProviderTest" time="0.006"/>
  <testcase name="testDivisionException" classname="CalculatorTestSuccessful" time="0.001"/>
  <testcase name="testDivison" classname="CalculatorTestSuccessful" time="0.001"/>
  <testcase name="testSubstraction" classname="CalculatorTestSuccessful" time="0.001">
    <failure message="expected [true] but found [false]" type="java.lang.AssertionError">java.lang.AssertionError: expected [true] but found [false]
	at CalculatorTestSuccessful.testSubstraction(CalculatorTestSuccessful.java:71)
</failure>
  </testcase>
  <testcase name="testWelcomeMessagePage_001" classname="WelcomeMessageTest" time="0.01"/>
  <testcase name="testWelcomeMessagePage_002" classname="WelcomeMessageTest" time="0.013">
    <failure message="expected [false] but found [true]" type="java.lang.AssertionError">java.lang.AssertionError: expected [false] but found [true]
	at WelcomeMessageTest.testWelcomeMessagePage_002(WelcomeMessageTest.java:43)
</failure>
    <system-out><![CDATA[------------------------------------------
----testWelcomeMessagePage_002 -----------
------------------------------------------
+++ Message from METHOD: testWelcomeMessagePage_002 +++
]]></system-out>
  </testcase>
  <testcase name="testWelcomeMessagePage_003" classname="WelcomeMessageTest" time="0.015"/>
  <testcase name="testWelcomeMessagePage_004" classname="WelcomeMessageTest" time="0.003">
    <failure message="expected [false] but found [true]" type="java.lang.AssertionError">java.lang.AssertionError: expected [false] but found [true]
	at WelcomeMessageTest.testWelcomeMessagePage_004(WelcomeMessageTest.java:66)
</failure>
    <system-out><![CDATA[------------------------------------------
----testWelcomeMessagePage_004 -----------
------------------------------------------
+++ Message from METHOD: testWelcomeMessagePage_004 +++
]]></system-out>
  </testcase>
  <testcase name="testWelcomeMessagePage_005" classname="WelcomeMessageTest" time="0.015"/>
  <testcase name="testWelcomeMessagePage_006" classname="WelcomeMessageTest" time="0.012">
    <failure message="expected [false] but found [true]" type="java.lang.AssertionError">java.lang.AssertionError: expected [false] but found [true]
	at WelcomeMessageTest.testWelcomeMessagePage_006(WelcomeMessageTest.java:89)
</failure>
    <system-out><![CDATA[------------------------------------------
----testWelcomeMessagePage_006 -----------
------------------------------------------
+++ Message from METHOD: testWelcomeMessagePage_006 +++
]]></system-out>
  </testcase>
  <testcase name="testWelcomeMessagePage_007" classname="WelcomeMessageTest" time="0.006"/>
  <testcase name="testWelcomeMessagePage_008" classname="WelcomeMessageTest" time="0.013">
    <failure message="expected [false] but found [true]" type="java.lang.AssertionError">java.lang.AssertionError: expected [false] but found [true]
	at WelcomeMessageTest.testWelcomeMessagePage_008(WelcomeMessageTest.java:112)
</failure>
    <system-out><![CDATA[------------------------------------------
----testWelcomeMessagePage_008 -----------
------------------------------------------
+++ Message from METHOD: testWelcomeMessagePage_008 +++
]]></system-out>
  </testcase>
  <testcase name="testWelcomeMessagePage_009" classname="WelcomeMessageTest" time="0.015"/>
  <testcase name="testWelcomeMessagePage_010" classname="WelcomeMessageTest" time="0.007">
    <failure message="expected [false] but found [true]" type="java.lang.AssertionError">java.lang.AssertionError: expected [false] but found [true]
	at WelcomeMessageTest.testWelcomeMessagePage_010(WelcomeMessageTest.java:135)
</failure>
    <system-out><![CDATA[------------------------------------------
----testWelcomeMessagePage_010 -----------
------------------------------------------
+++ Message from METHOD: testWelcomeMessagePage_010 +++
]]></system-out>
  </testcase>
  <testcase name="testWelcomeMessagePage_011" classname="WelcomeMessageTest" time="0.01"/>
  <testcase name="testWelcomeMessagePage_012" classname="WelcomeMessageTest" time="0.012">
    <failure message="expected [false] but found [true]" type="java.lang.AssertionError">java.lang.AssertionError: expected [false] but found [true]
	at WelcomeMessageTest.testWelcomeMessagePage_012(WelcomeMessageTest.java:158)
</failure>
    <system-out><![CDATA[------------------------------------------
----testWelcomeMessagePage_012 -----------
------------------------------------------
+++ Message from METHOD: testWelcomeMessagePage_012 +++
]]></system-out>
  </testcase>
  <testcase name="testWelcomeMessagePage_013" classname="WelcomeMessageTest" time="0.003">
    <failure message="expected [false] but found [true]" type="java.lang.AssertionError">java.lang.AssertionError: expected [false] but found [true]
	at WelcomeMessageTest.testWelcomeMessagePage_013(WelcomeMessageTest.java:170)
</failure>
    <system-out><![CDATA[------------------------------------------
----testWelcomeMessagePage_013 -----------
------------------------------------------
+++ Message from METHOD: testWelcomeMessagePage_013 +++
]]></system-out>
  </testcase>
  <testcase name="testWelcomeMessagePage_014" classname="WelcomeMessageTest" time="0.014"/>
  <testcase name="testWelcomeMessagePage_015" classname="WelcomeMessageTest" time="0.012"/>
  <testcase name="testWelcomeMessagePage_016" classname="WelcomeMessageTest" time="0.01"/>
  <testcase name="testWelcomeMessagePage_017" classname="WelcomeMessageTest" time="0.008">
    <failure message="expected [false] but found [true]" type="java.lang.AssertionError">java.lang.AssertionError: expected [false] but found [true]
	at WelcomeMessageTest.testWelcomeMessagePage_017(WelcomeMessageTest.java:215)
</failure>
    <system-out><![CDATA[------------------------------------------
----testWelcomeMessagePage_017 -----------
------------------------------------------
+++ Message from METHOD: testWelcomeMessagePage_017 +++
]]></system-out>
  </testcase>
  <testcase name="testWelcomeMessagePage_018" classname="WelcomeMessageTest" time="0.013"/>
  <testcase name="testWelcomeMessagePage_019" classname="WelcomeMessageTest" time="0.005"/>
  <testcase name="testWelcomeMessagePage_020" classname="WelcomeMessageTest" time="0.01">
    <failure message="expected [false] but found [true]" type="java.lang.AssertionError">java.lang.AssertionError: expected [false] but found [true]
	at WelcomeMessageTest.testWelcomeMessagePage_020(WelcomeMessageTest.java:249)
</failure>
    <system-out><![CDATA[------------------------------------------
----testWelcomeMessagePage_020 -----------
------------------------------------------
+++ Message from METHOD: testWelcomeMessagePage_020 +++
]]></system-out>
  </testcase>
  <testcase name="testWelcomeMessagePage_021" classname="WelcomeMessageTest" time="0.006"/>
  <testcase name="testWelcomeMessagePage_022" classname="WelcomeMessageTest" time="0.012"/>
  <testcase name="testWelcomeMessagePage_023" classname="WelcomeMessageTest" time="0.013"/>
  <testcase name="testWelcomeMessagePage_024" classname="WelcomeMessageTest" time="0.005"/>
  <testcase name="testWelcomeMessagePage_025" classname="WelcomeMessageTest" time="0.014"/>
  <testcase name="testWelcomeMessagePage_026" classname="WelcomeMessageTest" time="0.014"/>
  <testcase name="testWelcomeMessagePage_027" classname="WelcomeMessageTest" time="0.013"/>
  <testcase name="testWelcomeMessagePage_028" classname="WelcomeMessageTest" time="0.005"/>
  <testcase name="testWelcomeMessagePage_029" classname="WelcomeMessageTest" time="0.013"/>
  <testcase name="testWelcomeMessagePage_030" classname="WelcomeMessageTest" time="0.004"/>
  <testcase name="unitLevel1TestClass" classname="TestClass" time="4.768"/>
  <testcase name="unitLevel2TestClass" classname="TestClass" time="4.999"/>
  <testcase name="beforeTestTestClassSecond" classname="TestClassSecond" time="5.009">
    <failure message="expected [false] but found [true]" type="java.lang.AssertionError">java.lang.AssertionError: expected [false] but found [true]
	at TestClassSecond.beforeTestTestClassSecond(TestClassSecond.java:8)
</failure>
    <system-out><![CDATA[testClass: after method
testClass: after class
testClass: after test
TestClassSecond: before test
]]></system-out>
  </testcase>
  <testcase name="beforeClassTestClassSecond" classname="TestClassSecond" time="0">
    <skipped/>
  </testcase>
  <testcase name="beforeMethodTestClassSecond" classname="TestClassSecond" time="0">
    <skipped/>
  </testcase>
  <testcase name="beforeMethodTestClassSecond" classname="TestClassSecond" time="0">
    <skipped/>
  </testcase>
  <testcase name="beforeMethodWithParamTestClassSecond" classname="TestClassSecond" time="0">
    <skipped/>
  </testcase>
  <testcase name="beforeMethodWithParamTestClassSecond" classname="TestClassSecond" time="0">
    <skipped/>
  </testcase>
  <testcase name="staticBeforeMethodTestClassSecond" classname="TestClassSecond" time="0">
    <skipped/>
  </testcase>
  <testcase name="staticBeforeMethodTestClassSecond" classname="TestClassSecond" time="0">
    <skipped/>
  </testcase>
  <testcase name="testUnitClassOne" classname="TestClassSecond" time="0">
    <skipped/>
  </testcase>
  <testcase name="afterMethodTestClassSecond" classname="TestClassSecond" time="0">
    <skipped/>
  </testcase>
  <testcase name="afterMethodTestClassSecond" classname="TestClassSecond" time="0">
    <skipped/>
  </testcase>
  <testcase name="testUnitClassTwo" classname="TestClassSecond" time="0">
    <skipped/>
  </testcase>
  <testcase name="afterClassTestClassSecond" classname="TestClassSecond" time="0">
    <skipped/>
  </testcase>
  <testcase name="afterTestTestClassSecond" classname="TestClassSecond" time="0">
    <skipped/>
  </testcase>
  <testcase name="openBrowserWithUrl" classname="OpenBrowser" time="4.486"/>
</testsuite>