<?xml version="1.0" encoding="UTF-8"?>
<testsuite xmlns:xsi="http://www.w3.org/2001/XMLSchema-instance" xsi:schemaLocation="https://maven.apache.org/surefire/maven-surefire-plugin/xsd/surefire-test-report.xsd" name="TestSuite" time="16.574" tests="58" errors="0" skipped="13" failures="13">
  <properties>
[...]
</properties>
  <testcase name="testAdd" classname="FactoryImplTestAdd" time="0.011"/>
  <testcase name="testAdd" classname="FactoryImplTestAdd" time="0.035">
    <failure message="expected [5] but found [4]" type="java.lang.AssertionError">java.lang.AssertionError: expected [5] but found [4]
	at FactoryImplTestAdd.testAdd(FactoryImplTestAdd.java:30)
</failure>
  </testcase>
  <testcase name="testAdd" classname="FactoryImplTestAdd" time="0"/>
  <testcase name="testSubtract" classname="FactoryImplTestSubtract" time="0.002">
    <failure message="expected [2] but found [3]" type="java.lang.AssertionError">java.lang.AssertionError: expected [2] but found [3]
	at FactoryImplTestSubtract.testSubtract(FactoryImplTestSubtract.java:31)
</failure>
  </testcase>
  <testcase name="testSubtract" classname="FactoryImplTestSubtract" time="0.001"/>
  <testcase name="testDataProviderMethod" classname="DataProviderTest" time="0.005"/>
  <testcase name="testDataProviderMethod" classname="DataProviderTest" time="0.005"/>
  <testcase name="testDataProviderMethod" classname="DataProviderTest" time="0.006"/>
  <testcase name="testDivisionException" classname="CalculatorTestSuccessful" time="0.001"/>
  <testcase name="testDivison" classname="CalculatorTestSuccessful" time="0.001"/>
  <testcase name="testSubstraction" classname="CalculatorTestSuccessful" time="0.001">
    <failure message="expected [true] but found [false]" type="java.lang.AssertionError">java.lang.AssertionError: expected [true] but found [false]
	at CalculatorTestSuccessful.testSubstraction(CalculatorTestSuccessful.java:71)
</failure>
  </testcase>
  <testcase name="testWelcomeMessagePage_001" classname="WelcomeMessageTest" time="0.01"/>
  <testcase name="testWelcomeMessagePage_002" classname="WelcomeMessageTest" time="0.013">
    <failure message="expected [false] but found [true]" type="java.lang.AssertionError">java.lang.AssertionError: expected [false] but found [true]
	at WelcomeMessageTest.testWelcomeMessagePage_002(WelcomeMessageTest.java:43)
</failure>
    <system-out><![CDATA[------------------------------------------
----testWelcomeMessagePage_002 -----------
------------------------------------------
+++ Message from METHOD: testWelcomeMessagePage_002 +++
]]></system-out>
  </testcase>
  <testcase name="testWelcomeMessagePage_003" classname="WelcomeMessageTest" time="0.015"/>
  <testcase name="testWelcomeMessagePage_004" classname="WelcomeMessageTest" time="0.003">
    <failure message="expected [false] but found [true]" type="java.lang.AssertionError">java.lang.AssertionError: expected [false] but found [true]
	at WelcomeMessageTest.testWelcomeMessagePage_004(WelcomeMessageTest.java:66)
</failure>
    <system-out><![CDATA[------------------------------------------
----testWelcomeMessagePage_004 -----------
------------------------------------------
+++ Message from METHOD: testWelcomeMessagePage_004 +++
]]></system-out>
  </testcase>
  <testcase name="testWelcomeMessagePage_005" classname="WelcomeMessageTest" time="0.015"/>
  <testcase name="testWelcomeMessagePage_006" classname="WelcomeMessageTest" time="0.012">
    <failure message="expected [false] but found [true]" type="java.lang.AssertionError">java.lang.AssertionError: expected [false] but found [true]
	at WelcomeMessageTest.testWelcomeMessagePage_006(WelcomeMessageTest.java:89)
</failure>
    <system-out><![CDATA[------------------------------------------
----testWelcomeMessagePage_006 -----------
------------------------------------------
+++ Message from METHOD: testWelcomeMessagePage_006 +++
]]></system-out>
  </testcase>
  <testcase name="testWelcomeMessagePage_007" classname="WelcomeMessageTest" time="0.006"/>
  <testcase name="testWelcomeMessagePage_008" classname="WelcomeMessageTest" time="0.013">
    <failure message="expected [false] but found [true]" type="java.lang.AssertionError">java.lang.AssertionError: expected [false] but found [true]
	at WelcomeMessageTest.testWelcomeMessagePage_008(WelcomeMessageTest.java:112)
</failure>
    <system-out><![CDATA[------------------------------------------
----testWelcomeMessagePage_008 -----------
------------------------------------------
+++ Message from METHOD: testWelcomeMessagePage_008 +++
]]></system-out>
  </testcase>
  <testcase name="testWelcomeMessagePage_009" classname="WelcomeMessageTest" time="0.015"/>
  <testcase name="testWelcomeMessagePage_010" classname="WelcomeMessageTest" time="0.007">
    <failure message="expected [false] but found [true]" type="java.lang.AssertionError">java.lang.AssertionError: expected [false] but found [true]
	at WelcomeMessageTest.testWelcomeMessagePage_010(WelcomeMessageTest.java:135)
</failure>
    <system-out><![CDATA[------------------------------------------
----testWelcomeMessagePage_010 -----------
------------------------------------------
+++ Message from METHOD: testWelcomeMessagePage_010 +++
]]></system-out>
  </testcase>
  <testcase name="testWelcomeMessagePage_011" classname="WelcomeMessageTest" time="0.01"/>
  <testcase name="testWelcomeMessagePage_012" classname="WelcomeMessageTest" time="0.012">
    <failure message="expected [false] but found [true]" type="java.lang.AssertionError">java.lang.AssertionError: expected [false] but found [true]
	at WelcomeMessageTest.testWelcomeMessagePage_012(WelcomeMessageTest.java:158)
</failure>
    <system-out><![CDATA[------------------------------------------
----testWelcomeMessagePage_012 -----------
------------------------------------------
+++ Message from METHOD: testWelcomeMessagePage_012 +++
]]></system-out>
  </testcase>
  <testcase name="testWelcomeMessagePage_013" classname="WelcomeMessageTest" time="0.003">
    <failure message="expected [false] but found [true]" type="java.lang.AssertionError">java.lang.AssertionError: expected [false] but found [true]
	at WelcomeMessageTest.testWelcomeMessagePage_013(WelcomeMessageTest.java:170)
</failure>
    <system-out><![CDATA[------------------------------------------
----testWelcomeMessagePage_013 -----------
------------------------------------------
+++ Message from METHOD: testWelcomeMessagePage_013 +++
]]></system-out>
  </testcase>
  <testcase name="testWelcomeMessagePage_014" classname="WelcomeMessageTest" time="0.014"/>
  <testcase name="testWelcomeMessagePage_015" classname="WelcomeMessageTest" time="0.012"/>
  <testcase name="testWelcomeMessagePage_016" classname="WelcomeMessageTest" time="0.01"/>
  <testcase name="testWelcomeMessagePage_017" classname="WelcomeMessageTest" time="0.008">
    <failure message="expected [false] but found [true]" type="java.lang.AssertionError">java.lang.AssertionError: expected [false] but found [true]
	at WelcomeMessageTest.testWelcomeMessagePage_017(WelcomeMessageTest.java:215)
</failure>
    <system-out><![CDATA[------------------------------------------
----testWelcomeMessagePage_017 -----------
------------------------------------------
+++ Message from METHOD: testWelcomeMessagePage_017 +++
]]></system-out>
  </testcase>
  <testcase name="testWelcomeMessagePage_018" classname="WelcomeMessageTest" time="0.013"/>
  <testcase name="testWelcomeMessagePage_019" classname="WelcomeMessageTest" time="0.005"/>
  <testcase name="testWelcomeMessagePage_020" classname="WelcomeMessageTest" time="0.01">
    <failure message="expected [false] but found [true]" type="java.lang.AssertionError">java.lang.AssertionError: expected [false] but found [true]
	at WelcomeMessageTest.testWelcomeMessagePage_020(WelcomeMessageTest.java:249)
</failure>
    <system-out><![CDATA[------------------------------------------
----testWelcomeMessagePage_020 -----------
------------------------------------------
+++ Message from METHOD: testWelcomeMessagePage_020 +++
]]></system-out>
  </testcase>
  <testcase name="testWelcomeMessagePage_021" classname="WelcomeMessageTest" time="0.006"/>
  <testcase name="testWelcomeMessagePage_022" classname="WelcomeMessageTest" time="0.012"/>
  <testcase name="testWelcomeMessagePage_023" classname="WelcomeMessageTest" time="0.013"/>
  <testcase name="testWelcomeMessagePage_024" classname="WelcomeMessageTest" time="0.005"/>
  <testcase name="testWelcomeMessagePage_025" classname="WelcomeMessageTest" time="0.014"/>
  <testcase name="testWelcomeMessagePage_026" classname="WelcomeMessageTest" time="0.014"/>
  <testcase name="testWelcomeMessagePage_027" classname="WelcomeMessageTest" time="0.013"/>
  <testcase name="testWelcomeMessagePage_028" classname="WelcomeMessageTest" time="0.005"/>
  <testcase name="testWelcomeMessagePage_029" classname="WelcomeMessageTest" time="0.013"/>
  <testcase name="testWelcomeMessagePage_030" classname="WelcomeMessageTest" time="0.004"/>
  <testcase name="unitLevel1TestClass" classname="TestClass" time="4.768"/>
  <testcase name="unitLevel2TestClass" classname="TestClass" time="4.999"/>
  <testcase name="beforeTestTestClassSecond" classname="TestClassSecond" time="5.009">
    <failure message="expected [false] but found [true]" type="java.lang.AssertionError">java.lang.AssertionError: expected [false] but found [true]
	at TestClassSecond.beforeTestTestClassSecond(TestClassSecond.java:8)
</failure>
    <system-out><![CDATA[testClass: after method
testClass: after class
testClass: after test
TestClassSecond: before test
]]></system-out>
  </testcase>
  <testcase name="beforeClassTestClassSecond" classname="TestClassSecond" time="0">
    <skipped/>
  </testcase>
  <testcase name="beforeMethodTestClassSecond" classname="TestClassSecond" time="0">
    <skipped/>
  </testcase>
  <testcase name="beforeMethodTestClassSecond" classname="TestClassSecond" time="0">
    <skipped/>
  </testcase>
  <testcase name="beforeMethodWithParamTestClassSecond" classname="TestClassSecond" time="0">
    <skipped/>
  </testcase>
  <testcase name="beforeMethodWithParamTestClassSecond" classname="TestClassSecond" time="0">
    <skipped/>
  </testcase>
  <testcase name="staticBeforeMethodTestClassSecond" classname="TestClassSecond" time="0">
    <skipped/>
  </testcase>
  <testcase name="staticBeforeMethodTestClassSecond" classname="TestClassSecond" time="0">
    <skipped/>
  </testcase>
  <testcase name="testUnitClassOne" classname="TestClassSecond" time="0">
    <skipped/>
  </testcase>
  <testcase name="afterMethodTestClassSecond" classname="TestClassSecond" time="0">
    <skipped/>
  </testcase>
  <testcase name="afterMethodTestClassSecond" classname="TestClassSecond" time="0">
    <skipped/>
  </testcase>
  <testcase name="testUnitClassTwo" classname="TestClassSecond" time="0">
    <skipped/>
  </testcase>
  <testcase name="afterClassTestClassSecond" classname="TestClassSecond" time="0">
    <skipped/>
  </testcase>
  <testcase name="afterTestTestClassSecond" classname="TestClassSecond" time="0">
    <skipped/>
  </testcase>
  <testcase name="openBrowserWithUrl" classname="OpenBrowser" time="4.486"/>
</testsuite>